2019-11-04 22:34:33 [31merror[39m: [Boxtal Relais] Erreur lors de la recherche relais: %o
2019-11-04 22:36:22 [31merror[39m: [Boxtal Relais] Erreur lors de la recherche relais: %o
2019-11-04 22:36:25 [31merror[39m: [Boxtal Relais] Erreur lors de la recherche relais: %o
2019-11-04 22:36:39 [31merror[39m: [Boxtal Relais] Erreur lors de la recherche relais: %o
2019-11-04 22:36:40 [31merror[39m: [Boxtal Relais] Erreur lors de la recherche relais: %o
2019-11-04 22:36:47 [31merror[39m: [Boxtal Relais] Erreur lors de la recherche relais: %o
2019-11-04 22:36:47 [31merror[39m: [Boxtal Relais] Erreur lors de la recherche relais: %o
2019-11-04 22:36:47 [31merror[39m: [Boxtal Relais] Erreur lors de la recherche relais: %o
2019-11-04 22:36:48 [31merror[39m: [Boxtal Relais] Erreur lors de la recherche relais: %o
2019-11-04 22:36:48 [31merror[39m: [Boxtal Relais] Erreur lors de la recherche relais: %o
2019-11-04 22:37:26 [31merror[39m: [Braintree db] Transaction non enregistrée %s
2019-11-04 22:50:27 [31merror[39m: [Boxtal Relais] Erreur lors de la recherche relais: %o
2019-11-04 22:50:44 [31merror[39m: [Braintree db] Transaction non enregistrée %s
2019-11-04 22:55:22 [31merror[39m: [Boxtal Relais] Erreur lors de la recherche relais: %o
2019-11-04 22:55:42 [31merror[39m: [Braintree db] Transaction non enregistrée %s
2019-11-04 22:56:56 [31merror[39m: [Boxtal Relais] Erreur lors de la recherche relais: %o
2019-11-04 22:57:06 [31merror[39m: [Boxtal Relais] Erreur lors de la recherche relais: %o
2019-11-16 23:15:00 [31merror[39m: [Auth] Token invalidé %s
2019-11-16 23:15:13 [31merror[39m: [Knex] Admin User Query error: %s
2019-11-16 23:15:13 [31merror[39m: [Auth] Aucun utilisateur retrouvé
2019-11-16 23:15:24 [31merror[39m: [Knex] Admin User Query error: %s
2019-11-16 23:15:24 [31merror[39m: [Auth] Aucun utilisateur retrouvé
2019-11-16 23:15:53 [31merror[39m: [Knex] Admin User Query error: %s
2019-11-16 23:15:53 [31merror[39m: [Auth] Aucun utilisateur retrouvé
2019-11-16 23:16:09 [31merror[39m: [Knex] Admin User Query error: %s
2019-11-16 23:16:09 [31merror[39m: [Auth] Aucun utilisateur retrouvé
2019-11-16 23:16:11 [31merror[39m: [Knex] Admin User Query error: %s
2019-11-16 23:16:11 [31merror[39m: [Auth] Aucun utilisateur retrouvé
2019-11-16 23:18:09 [31merror[39m: [Knex] Admin User Query error: %s
2019-11-16 23:18:09 [31merror[39m: [Auth] Aucun utilisateur retrouvé
2019-11-16 23:18:11 [31merror[39m: [Knex] Admin User Query error: %s
2019-11-16 23:18:11 [31merror[39m: [Auth] Aucun utilisateur retrouvé
2019-11-19 22:07:54 [31merror[39m: [Boxtal db] Commande de colis non enregistrée %s
2019-11-19 22:19:50 [31merror[39m: [Boxtal db] Commande de colis non enregistrée %s
2019-11-19 22:23:08 [31merror[39m: [Boxtal db] Commande de colis non enregistrée %s
2019-11-19 22:27:54 [31merror[39m: [Boxtal db] Commande de colis non enregistrée %s
2019-11-19 23:01:09 [31merror[39m: [Boxtal db] Commande de colis non enregistrée %s
2019-11-19 23:02:20 [31merror[39m: [Boxtal db] Commande de colis non enregistrée %s
2019-11-19 23:03:22 [31merror[39m: [Boxtal db] Commande de colis non enregistrée %s
2019-11-19 23:08:13 [31merror[39m: [Boxtal db] Commande de colis non enregistrée %s
2019-11-19 23:18:03 [31merror[39m: [Boxtal db] Commande de colis non enregistrée %s
2019-11-19 23:28:41 [31merror[39m: [Boxtal db] Commande de colis non enregistrée %s
2019-11-19 23:28:50 [31merror[39m: [Boxtal db] Commande de colis non enregistrée %s
2019-11-19 23:37:34 [31merror[39m: [Boxtal db] Commande de colis non enregistrée %s
2019-11-19 23:38:12 [31merror[39m: [Boxtal db] Commande de colis non enregistrée %s
2019-11-19 23:38:55 [31merror[39m: [Boxtal db] Commande de colis non enregistrée %s
2019-11-19 23:39:25 [31merror[39m: [Boxtal db] Commande de colis non enregistrée %s
2019-11-20 21:17:16 [31merror[39m: [Knex] Admin User Query error: %s
2019-11-20 21:17:16 [31merror[39m: [Auth] Aucun utilisateur retrouvé
2019-11-20 21:17:31 [31merror[39m: [Knex] Admin User Query error: %s
2019-11-20 21:17:31 [31merror[39m: [Auth] Aucun utilisateur retrouvé
2019-11-20 21:19:16 [31merror[39m: [Knex] Admin User Query error: %s
2019-11-20 21:19:16 [31merror[39m: [Auth] Aucun utilisateur retrouvé
2019-11-21 07:29:36 [31merror[39m: [Boxtal db] Commande de colis non enregistrée %s
2019-11-21 07:32:33 [31merror[39m: [Boxtal db] Commande de colis non enregistrée %s
2019-11-21 07:33:02 [31merror[39m: [Boxtal db] Commande de colis non enregistrée %s
2019-11-21 07:34:26 [31merror[39m: [Boxtal db] Commande de colis non enregistrée %s
2019-11-21 07:35:36 [31merror[39m: [Boxtal db] Commande de colis non enregistrée %s
2019-11-21 07:37:27 [31merror[39m: [Boxtal db] Commande de colis non enregistrée %s
2019-11-21 08:26:04 [31merror[39m: [Boxtal] Recherche reference colis non disponible pour l utilisateur suivant %s:
2019-11-21 09:31:18 [31merror[39m: [Auth] Token invalidé %s
2019-11-21 10:23:27 [31merror[39m: [Auth] Token invalidé %s
2019-11-21 10:28:00 [31merror[39m: [Boxtal] Recherche reference colis non disponible pour l utilisateur suivant %s:
2019-11-21 10:28:24 [31merror[39m: [Boxtal] Recherche reference colis non disponible pour l utilisateur suivant %s:
2019-11-21 10:51:20 [31merror[39m: [Boxtal] Recherche reference colis non disponible pour l utilisateur suivant %s:
2019-11-21 10:51:21 [31merror[39m: [Boxtal] Recherche reference colis non disponible pour l utilisateur suivant %s:
2019-11-21 10:51:21 [31merror[39m: [Boxtal] Recherche reference colis non disponible pour l utilisateur suivant %s:
2019-11-21 10:51:21 [31merror[39m: [Boxtal] Recherche reference colis non disponible pour l utilisateur suivant %s:
2019-11-21 10:51:21 [31merror[39m: [Boxtal] Recherche reference colis non disponible pour l utilisateur suivant %s:
2019-11-21 10:51:21 [31merror[39m: [Boxtal] Recherche reference colis non disponible pour l utilisateur suivant %s:
2019-11-21 10:51:21 [31merror[39m: [Boxtal] Recherche reference colis non disponible pour l utilisateur suivant %s:
2019-11-21 10:51:21 [31merror[39m: [Boxtal] Recherche reference colis non disponible pour l utilisateur suivant %s:
2019-11-21 10:51:22 [31merror[39m: [Boxtal] Recherche reference colis non disponible pour l utilisateur suivant %s:
2019-11-21 10:51:22 [31merror[39m: [Boxtal] Recherche reference colis non disponible pour l utilisateur suivant %s:
2019-11-21 10:51:22 [31merror[39m: [Boxtal] Recherche reference colis non disponible pour l utilisateur suivant %s:
2019-11-21 10:51:22 [31merror[39m: [Boxtal] Recherche reference colis non disponible pour l utilisateur suivant %s:
2019-11-21 10:51:22 [31merror[39m: [Boxtal] Recherche reference colis non disponible pour l utilisateur suivant %s:
2019-11-21 10:51:22 [31merror[39m: [Boxtal] Recherche reference colis non disponible pour l utilisateur suivant %s:
2019-11-21 10:51:22 [31merror[39m: [Boxtal] Recherche reference colis non disponible pour l utilisateur suivant %s:
2019-11-21 10:51:22 [31merror[39m: [Boxtal] Recherche reference colis non disponible pour l utilisateur suivant %s:
2019-11-21 10:51:22 [31merror[39m: [Boxtal] Recherche reference colis non disponible pour l utilisateur suivant %s:
2019-11-21 10:51:22 [31merror[39m: [Boxtal] Recherche reference colis non disponible pour l utilisateur suivant %s:
2019-11-21 10:51:23 [31merror[39m: [Boxtal] Recherche reference colis non disponible pour l utilisateur suivant %s:
2019-11-21 10:51:23 [31merror[39m: [Boxtal] Recherche reference colis non disponible pour l utilisateur suivant %s:
2019-11-21 10:51:23 [31merror[39m: [Boxtal] Recherche reference colis non disponible pour l utilisateur suivant %s:
2019-11-21 10:51:23 [31merror[39m: [Boxtal] Recherche reference colis non disponible pour l utilisateur suivant %s:
2019-11-21 10:51:23 [31merror[39m: [Boxtal] Recherche reference colis non disponible pour l utilisateur suivant %s:
2019-11-21 10:51:23 [31merror[39m: [Boxtal] Recherche reference colis non disponible pour l utilisateur suivant %s:
2019-11-21 10:51:23 [31merror[39m: [Boxtal] Recherche reference colis non disponible pour l utilisateur suivant %s:
2019-11-21 10:51:23 [31merror[39m: [Boxtal] Recherche reference colis non disponible pour l utilisateur suivant %s:
2019-11-21 10:51:23 [31merror[39m: [Boxtal] Recherche reference colis non disponible pour l utilisateur suivant %s:
2019-11-21 10:51:23 [31merror[39m: [Boxtal] Recherche reference colis non disponible pour l utilisateur suivant %s:
2019-11-21 10:51:24 [31merror[39m: [Boxtal] Recherche reference colis non disponible pour l utilisateur suivant %s:
2019-11-21 10:51:24 [31merror[39m: [Boxtal] Recherche reference colis non disponible pour l utilisateur suivant %s:
2019-11-21 10:51:24 [31merror[39m: [Boxtal] Recherche reference colis non disponible pour l utilisateur suivant %s:
2019-11-21 10:51:24 [31merror[39m: [Boxtal] Recherche reference colis non disponible pour l utilisateur suivant %s:
2019-11-21 10:51:33 [31merror[39m: [Auth] Token invalidé %s
2019-11-21 10:52:08 [31merror[39m: [Boxtal] Recherche reference colis non disponible pour l utilisateur suivant %s:
2019-11-21 10:52:45 [31merror[39m: [Boxtal] Recherche reference colis non disponible pour l utilisateur suivant %s:
2019-11-21 11:31:11 [31merror[39m: [Boxtal] Recherche reference colis non disponible pour l utilisateur suivant %s:
2019-11-21 11:31:11 [31merror[39m: [Boxtal] Recherche reference colis non disponible pour l utilisateur suivant %s:
2019-11-21 11:31:12 [31merror[39m: [Boxtal] Recherche reference colis non disponible pour l utilisateur suivant %s:
2019-11-21 11:31:12 [31merror[39m: [Boxtal] Recherche reference colis non disponible pour l utilisateur suivant %s:
2019-11-21 11:31:12 [31merror[39m: [Boxtal] Recherche reference colis non disponible pour l utilisateur suivant %s:
